createOrderFromCart START:  
Insert new Order detail list:  
Create Order detail list:  177 177 1createList in OrderDetail.php :  
Product Name  : Brown bear - Vector graphics 
 >>> ORDER DETAILE <<<  
 product_quantity  
 CheckProductStock - Start 
 ///checkProductStock///// START ///////// 
 PS_OS_CANCELED -> : 6  
 PS_OS_ERROR -> : 8  
 CURRENT ID as PARAM  -> : 9  
 /--> Step 1 <--/ 
 	 StockAvalible.php -> updateQuantity -> DDDDDD 
 	 StockManager.php -> updateQuantity -> 2222222222222 
 	 StockManager.php -> updateQuantity -> product -> id : 13 
 	 StockManager.php -> updateQuantity -> id_product_attribute : 0 
 	 StockManager.php -> updateQuantity -> delta_quantity : -1 
 	 StockManager.php -> updateQuantity -> add_movement : 1 
 IF STOC MVT  
 AFTER SymfonyContainer - getInstance  
 /--> Step 2 <--/ 
 /--> Step 3 <--/ 
 /--> Step 4 <--/ 
 ///checkProductStock/////// END /////// 
 CheckProductStock - END 
createOrderFromCart START:  
Insert new Order detail list:  
Create Order detail list:  178 178 1createList in OrderDetail.php :  
Product Name  : Hummingbird - Vector graphics 
 >>> ORDER DETAILE <<<  
 product_quantity  
 CheckProductStock - Start 
 ///checkProductStock///// START ///////// 
 PS_OS_CANCELED -> : 6  
 PS_OS_ERROR -> : 8  
 CURRENT ID as PARAM  -> : 9  
 /--> Step 1 <--/ 
 	 StockAvalible.php -> updateQuantity -> DDDDDD 
 	 StockManager.php -> updateQuantity -> 2222222222222 
 	 StockManager.php -> updateQuantity -> product -> id : 14 
 	 StockManager.php -> updateQuantity -> id_product_attribute : 0 
 	 StockManager.php -> updateQuantity -> delta_quantity : -1 
 	 StockManager.php -> updateQuantity -> add_movement : 1 
 IF STOC MVT  
 AFTER SymfonyContainer - getInstance  
 /--> Step 2 <--/ 
 /--> Step 3 <--/ 
 /--> Step 4 <--/ 
 ///checkProductStock/////// END /////// 
 CheckProductStock - END 
